Khởi tạo AsyncQueryEngine (Chế độ MongoDB Async)...
Khởi tạo xong trong 7.9563s
Sử dụng sản phẩm mẫu: Quạt cầm tay mini Hydrus JF-102 (SKU: 6a5b1b1286bde12030774216) | Nhóm: Quạt các loại

==================================================
[TEST] 1. tool_query_products (Hybrid Search) (Time: 0.8610s)
-> Số lượng kết quả: 5
  1. Tên/Câu hỏi: Quạt cầm tay mini Hydrus JF-102 | Score: 0.0000
  2. Tên/Câu hỏi: Quạt sạc kẹp mini Totolink FAN01 | Score: 0.0000
  3. Tên/Câu hỏi: Quạt để bàn mini Totolink FAN03 | Score: 0.0000

==================================================
[TEST] 2. tool_query_similar_products (Vector Similar) (Time: 0.0000s)
-> Trống (Không tìm thấy kết quả)

==================================================
[TEST] 3. tool_query_faq (Chính sách/Bảo hành) (Time: 0.8060s)
-> Số lượng kết quả: 3
  1. Tên/Câu hỏi: Sản phẩm điện lạnh được bảo hành bao lâu? | Score: 0.0000
  2. Tên/Câu hỏi: Có bảo hành tận nhà không hay phải mang ra siêu thị? | Score: 0.0000
  3. Tên/Câu hỏi: Sản phẩm công nghệ viễn thông bảo hành như thế nào? | Score: 0.0000

==================================================
[TEST] 4. tool_get_product_details (Tìm theo ID) (Time: 0.0000s)
-> Tên: Quạt cầm tay mini Hydrus JF-102 | Giá: 235000.0

==================================================
[TEST] 5. tool_search_product_by_name (Tìm bằng tên gốc) (Time: 0.0170s)
-> Số lượng kết quả: 371
  1. Tên: Quạt cầm tay mini Hydrus JF-102 | Giá: 235000.0
  2. Tên: Quạt sạc kẹp mini Totolink FAN01 | Giá: 260000.0
  3. Tên: Quạt để bàn mini Totolink FAN03 | Giá: 370000.0

==================================================
[TEST] 6. tool_query_products_by_brand (Tìm bằng tên Hãng) (Time: 0.0039s)
-> Số lượng kết quả: 11
  1. Tên: Quạt cầm tay mini Hydrus JF-102 | Giá: 235000.0
  2. Tên: Quạt cầm tay mini Hydrus JF-79 | Giá: 260000.0
  3. Tên: Quạt để bàn mini Hydrus JF-83 | Giá: 260000.0

==================================================
[TEST] 7. tool_query_products_by_spec_range (Diện tích phòng 15-20) (Time: 0.0033s)
-> Trống (Không tìm thấy kết quả)

==================================================
[TEST] 8. tool_query_by_features (Tính năng: Inverter) (Time: 0.0029s)
-> Trống (Không tìm thấy kết quả)

==================================================
[TEST] 9. tool_sort_products_by_price (Rẻ nhất ASC) (Time: 0.0025s)
-> Số lượng kết quả: 3
  1. Tên: Quạt cầm tay mini Hydrus JF-95 | Giá: 120000.0
  2. Tên: Quạt cầm tay AVA+ Mini JF329 | Giá: 180000.0
  3. Tên: Máy sưởi mini cầm tay Hydrus Y36 | Giá: 190000.0

==================================================
[TEST] 10. tool_query_discount_products (Giảm giá sâu nhất) (Time: 0.0043s)
-> Số lượng kết quả: 3
  1. Tên: Máy lọc không khí kết hợp quạt LG PuriCare AeroTower Hit FS15GPBK0.ABAE 40W | Giá: 10090000.0
  2. Tên: Quạt điều hòa Hòa Phát HPCF1-072 270W | Giá: 6090000.0
  3. Tên: Quạt điều hoà FUJIHOME PAC06-PRO 500W | Giá: 10990000.0

==================================================
[TEST] 11. tool_query_best_promotions (Khuyến mãi khủng) (Time: 0.0111s)
-> Trống (Không tìm thấy kết quả)

==================================================
[TEST] 12. tool_query_out_of_stock (Tìm hàng hết kho) (Time: 0.0040s)
-> Trống (Không tìm thấy kết quả)

==================================================
[TEST] 13. tool_search_policy_documents (Chính sách văn bản dài) (Time: 0.7153s)
-> Số lượng kết quả: 1
  1. Tên: Unknown | Giá: N/A

--- HOÀN TẤT BỘ TEST TỔNG THỜI GIAN: 2.4324s ---
